2021-11-26 08:16:10 INFO  ProjectStartupHandler.runActivity(74) - ---------- Project opened ----------
2021-11-26 08:16:10 INFO  ProjectStartupHandler.runActivity(75) - ---------- Version 3.54 ----------

2021-11-26 08:16:11 INFO  ApacheHttpClient.isSessionAppropriateWithSecretKey(602) - Waiting for server response.
2021-11-26 08:16:11 INFO  ApacheHttpClient.isSessionAppropriateWithSecretKey(602) - Waiting for server response.
2021-11-26 08:16:11 INFO  ApacheHttpClient.refreshUserInfo(305) - responseCode = 200
2021-11-26 08:16:11 INFO  ApacheHttpClient.refreshUserInfo(311) - User information received.
2021-11-26 08:16:11 INFO  ApacheHttpClient.startGA(36) - GAService started.
2021-11-26 08:17:14 INFO  ProjectStartupHandler.projectClosing(155) - ---------- Project closed ----------

2021-11-26 08:17:14 INFO  PluginProjectService.dispose(41) - PluginProjectService for disposed.
2021-11-26 08:31:15 INFO  ApacheHttpClient.getWebResourceAsStream(502) - responseCode = 200
2021-11-26 08:31:15 INFO  PluginProjectService.<init>(33) - PluginProjectService for JavaRushTasks initiated.
2021-11-26 08:31:15 INFO  ProjectStartupHandler.runActivity(74) - ---------- Project opened ----------
2021-11-26 08:31:15 INFO  ProjectStartupHandler.runActivity(74) - ---------- Project opened ----------
2021-11-26 08:31:15 INFO  ProjectStartupHandler.runActivity(75) - ---------- Version 3.54 ----------

2021-11-26 08:31:15 INFO  ProjectStartupHandler.runActivity(75) - ---------- Version 3.54 ----------

2021-11-26 08:31:15 INFO  ApacheHttpClient.isSessionAppropriateWithSecretKey(602) - Waiting for server response.
2021-11-26 08:31:15 INFO  ApacheHttpClient.isSessionAppropriateWithSecretKey(602) - Waiting for server response.
2021-11-26 08:31:15 INFO  ApacheHttpClient.isSessionAppropriateWithSecretKey(602) - Waiting for server response.
2021-11-26 08:31:15 INFO  ApacheHttpClient.isSessionAppropriateWithSecretKey(602) - Waiting for server response.
2021-11-26 08:31:15 INFO  ApacheHttpClient.refreshUserInfo(305) - responseCode = 200
2021-11-26 08:31:15 INFO  ApacheHttpClient.refreshUserInfo(305) - responseCode = 200
2021-11-26 08:31:15 INFO  ApacheHttpClient.refreshUserInfo(311) - User information received.
2021-11-26 08:31:15 INFO  ApacheHttpClient.refreshUserInfo(311) - User information received.
2021-11-26 08:31:15 INFO  ApacheHttpClient.startGA(36) - GAService started.
2021-11-26 08:31:15 INFO  ApacheHttpClient.startGA(36) - GAService started.
